[ 2018-05-08T16:15:14+08:00 ] [ sql ] [ DB ] CONNECT:[ UseTime:0.001000s ] mysql:dbname=zerg;host=127.0.0.1;port=3306;charset=utf8
[ sql ] [ SQL ] SHOW COLUMNS FROM `theme` [ RunTime:0.005000s ]
[ sql ] [ SQL ] SELECT * FROM `theme` WHERE  `theme`.`delete_time` IS NULL  AND `id` = 1 LIMIT 1 [ RunTime:0.000000s ]
[ sql ] [ SQL ] SHOW COLUMNS FROM `product` [ RunTime:0.006000s ]
[ sql ] [ SQL ] SELECT * FROM `product` WHERE  `product`.`delete_time` IS NULL  AND `id` = 20 LIMIT 1 [ RunTime:0.000000s ]
[ sql ] [ SQL ] SHOW COLUMNS FROM `theme_product` [ RunTime:0.005000s ]

---------------------------------------------------------------
[ 2018-05-08T16:27:16+08:00 ] [ sql ] [ DB ] CONNECT:[ UseTime:0.001000s ] mysql:dbname=zerg;host=127.0.0.1;port=3306;charset=utf8
[ sql ] [ SQL ] SHOW COLUMNS FROM `theme` [ RunTime:0.005000s ]
[ sql ] [ SQL ] SELECT * FROM `theme` WHERE  `theme`.`delete_time` IS NULL  AND `id` = 1 LIMIT 1 [ RunTime:0.001000s ]
[ sql ] [ SQL ] SHOW COLUMNS FROM `product` [ RunTime:0.005000s ]
[ sql ] [ SQL ] SELECT * FROM `product` WHERE  `product`.`delete_time` IS NULL  AND `id` = 20 LIMIT 1 [ RunTime:0.001000s ]
[ sql ] [ SQL ] SHOW COLUMNS FROM `theme_product` [ RunTime:0.006000s ]

---------------------------------------------------------------
[ 2018-05-08T16:27:20+08:00 ] [ sql ] [ DB ] CONNECT:[ UseTime:0.011000s ] mysql:dbname=zerg;host=127.0.0.1;port=3306;charset=utf8
[ sql ] [ SQL ] SHOW COLUMNS FROM `theme` [ RunTime:0.004000s ]
[ sql ] [ SQL ] SELECT * FROM `theme` WHERE  `theme`.`delete_time` IS NULL  AND `id` = 1 LIMIT 1 [ RunTime:0.001000s ]
[ sql ] [ SQL ] SHOW COLUMNS FROM `product` [ RunTime:0.005000s ]
[ sql ] [ SQL ] SELECT * FROM `product` WHERE  `product`.`delete_time` IS NULL  AND `id` = 20 LIMIT 1 [ RunTime:0.001000s ]
[ sql ] [ SQL ] SHOW COLUMNS FROM `theme_product` [ RunTime:0.005000s ]

---------------------------------------------------------------
[ 2018-05-08T16:33:13+08:00 ] [ sql ] [ DB ] CONNECT:[ UseTime:0.011000s ] mysql:dbname=zerg;host=127.0.0.1;port=3306;charset=utf8
[ sql ] [ SQL ] SHOW COLUMNS FROM `theme` [ RunTime:0.004000s ]
[ sql ] [ SQL ] SELECT * FROM `theme` WHERE  `theme`.`delete_time` IS NULL  AND `id` = 1 LIMIT 1 [ RunTime:0.001000s ]
[ sql ] [ SQL ] SHOW COLUMNS FROM `product` [ RunTime:0.005000s ]
[ sql ] [ SQL ] SELECT * FROM `product` WHERE  `product`.`delete_time` IS NULL  AND `id` = 20 LIMIT 1 [ RunTime:0.001000s ]
[ sql ] [ SQL ] SHOW COLUMNS FROM `theme_product` [ RunTime:0.005000s ]

---------------------------------------------------------------
