[ 2018-05-09T15:17:44+08:00 ] 127.0.0.7 127.0.0.1 GET /api/v1/category
[ log ] z.cn/api/v1/category [运行时间：0.460000s][吞吐率：2.17req/s] [内存消耗：1,600.38kb] [文件加载：43]
[ info ] [ BEHAVIOR ] Run app\api\behavior\CORS @app_init [ RunTime:0.000000s ]
[ info ] [ LANG ] D:\web\smallProject\Zerg\thinkphp\lang\zh-cn.php
[ info ] [ ROUTE ] array (
  'type' => 'module',
  'module' => 
  array (
    0 => 'api',
    1 => 'v1.Category',
    2 => 'getCategories',
  ),
  'convert' => false,
)
[ info ] [ HEADER ] array (
  'cache-control' => 'no-cache',
  'postman-token' => '1b79c9fc-b7c3-4bdc-b060-3659b583ccbc',
  'user-agent' => 'PostmanRuntime/7.1.1',
  'accept' => '*/*',
  'host' => 'z.cn',
  'accept-encoding' => 'gzip, deflate',
  'connection' => 'keep-alive',
)
[ info ] [ PARAM ] array (
  'version' => 'v1',
)
[ info ] [ LOG ] INIT file

---------------------------------------------------------------
[ 2018-05-09T15:18:34+08:00 ] 127.0.0.7 127.0.0.1 GET /api/v1/category
[ log ] z.cn/api/v1/category [运行时间：0.439000s][吞吐率：2.28req/s] [内存消耗：1,593.84kb] [文件加载：42]
[ info ] [ BEHAVIOR ] Run app\api\behavior\CORS @app_init [ RunTime:0.001000s ]
[ info ] [ LANG ] D:\web\smallProject\Zerg\thinkphp\lang\zh-cn.php
[ info ] [ ROUTE ] array (
  'type' => 'module',
  'module' => 
  array (
    0 => 'api',
    1 => 'v1.Category',
    2 => 'getCategories',
  ),
  'convert' => false,
)
[ info ] [ HEADER ] array (
  'cache-control' => 'no-cache',
  'postman-token' => '545ee5bf-956b-46a0-a477-36b1dd624ea1',
  'user-agent' => 'PostmanRuntime/7.1.1',
  'accept' => '*/*',
  'host' => 'z.cn',
  'accept-encoding' => 'gzip, deflate',
  'connection' => 'keep-alive',
)
[ info ] [ PARAM ] array (
  'version' => 'v1',
)
[ info ] [ LOG ] INIT file

---------------------------------------------------------------
[ 2018-05-09T15:18:51+08:00 ] 127.0.0.7 127.0.0.1 GET /api/v1/category/1
[ log ] z.cn/api/v1/category/1 [运行时间：0.432000s][吞吐率：2.31req/s] [内存消耗：1,264.66kb] [文件加载：35]
[ info ] [ BEHAVIOR ] Run app\api\behavior\CORS @app_init [ RunTime:0.001000s ]
[ info ] [ LANG ] D:\web\smallProject\Zerg\thinkphp\lang\zh-cn.php
[ info ] [ ROUTE ] array (
  'type' => 'module',
  'module' => 
  array (
    0 => 'api',
    1 => 'v1',
    2 => 'category',
  ),
)
[ info ] [ HEADER ] array (
  'cache-control' => 'no-cache',
  'postman-token' => 'cace80dd-3c1f-4179-85c9-f46108cc188e',
  'user-agent' => 'PostmanRuntime/7.1.1',
  'accept' => '*/*',
  'host' => 'z.cn',
  'accept-encoding' => 'gzip, deflate',
  'connection' => 'keep-alive',
)
[ info ] [ PARAM ] array (
)
[ info ] [ LOG ] INIT file

---------------------------------------------------------------
[ 2018-05-09T15:18:58+08:00 ] 127.0.0.7 127.0.0.1 GET /api/v1/category/1
[ log ] z.cn/api/v1/category/1 [运行时间：0.492000s][吞吐率：2.03req/s] [内存消耗：3,108.79kb] [文件加载：61]
[ info ] [ BEHAVIOR ] Run app\api\behavior\CORS @app_init [ RunTime:0.001000s ]
[ info ] [ LANG ] D:\web\smallProject\Zerg\thinkphp\lang\zh-cn.php
[ info ] [ ROUTE ] array (
  'type' => 'module',
  'module' => 
  array (
    0 => 'api',
    1 => 'v1.Category',
    2 => 'getCategories',
  ),
  'convert' => false,
)
[ info ] [ HEADER ] array (
  'cache-control' => 'no-cache',
  'postman-token' => '897e8885-f1c6-40c8-a6f5-fc22d980417c',
  'user-agent' => 'PostmanRuntime/7.1.1',
  'accept' => '*/*',
  'host' => 'z.cn',
  'accept-encoding' => 'gzip, deflate',
  'connection' => 'keep-alive',
)
[ info ] [ PARAM ] array (
  'version' => 'v1',
  'id' => '1',
)
[ info ] [ RUN ] app\api\controller\v1\Category->getCategories[ D:\web\smallProject\Zerg\application\api\controller\v1\Category.php ]
[ info ] [ DB ] INIT mysql
[ info ] [ LOG ] INIT file

---------------------------------------------------------------
[ 2018-05-09T15:20:46+08:00 ] 127.0.0.7 127.0.0.1 GET /api/v1/category/2
[ log ] z.cn/api/v1/category/2 [运行时间：0.514000s][吞吐率：1.95req/s] [内存消耗：3,159.49kb] [文件加载：61]
[ info ] [ BEHAVIOR ] Run app\api\behavior\CORS @app_init [ RunTime:0.000000s ]
[ info ] [ LANG ] D:\web\smallProject\Zerg\thinkphp\lang\zh-cn.php
[ info ] [ ROUTE ] array (
  'type' => 'module',
  'module' => 
  array (
    0 => 'api',
    1 => 'v1.Category',
    2 => 'getCategories',
  ),
  'convert' => false,
)
[ info ] [ HEADER ] array (
  'cache-control' => 'no-cache',
  'postman-token' => 'b8be47d8-94f5-4de4-85e1-ef1f4995030d',
  'user-agent' => 'PostmanRuntime/7.1.1',
  'accept' => '*/*',
  'host' => 'z.cn',
  'accept-encoding' => 'gzip, deflate',
  'connection' => 'keep-alive',
)
[ info ] [ PARAM ] array (
  'version' => 'v1',
  'id' => '2',
)
[ info ] [ RUN ] app\api\controller\v1\Category->getCategories[ D:\web\smallProject\Zerg\application\api\controller\v1\Category.php ]
[ info ] [ DB ] INIT mysql
[ info ] [ LOG ] INIT file

---------------------------------------------------------------
[ 2018-05-09T15:21:35+08:00 ] 127.0.0.7 127.0.0.1 GET /api/v1/category/2
[ log ] z.cn/api/v1/category/2 [运行时间：0.325000s][吞吐率：3.08req/s] [内存消耗：3,143.88kb] [文件加载：59]

---------------------------------------------------------------
[ 2018-05-09T15:29:28+08:00 ] 127.0.0.7 127.0.0.1 GET /api/v1/category/all
[ log ] z.cn/api/v1/category/all [运行时间：0.448000s][吞吐率：2.23req/s] [内存消耗：1,846.22kb] [文件加载：48]
[ info ] [ BEHAVIOR ] Run app\api\behavior\CORS @app_init [ RunTime:0.001000s ]
[ info ] [ LANG ] D:\web\smallProject\Zerg\thinkphp\lang\zh-cn.php
[ info ] [ ROUTE ] array (
  'type' => 'module',
  'module' => 
  array (
    0 => 'api',
    1 => 'v1.Category',
    2 => 'getCategories',
  ),
  'convert' => false,
)
[ info ] [ HEADER ] array (
  'cache-control' => 'no-cache',
  'postman-token' => '494c37cc-287d-4b97-8631-a7a4d6903ef5',
  'user-agent' => 'PostmanRuntime/7.1.1',
  'accept' => '*/*',
  'host' => 'z.cn',
  'accept-encoding' => 'gzip, deflate',
  'connection' => 'keep-alive',
)
[ info ] [ PARAM ] array (
  'version' => 'v1',
  'id' => 'all',
)
[ info ] [ RUN ] app\api\controller\v1\Category->getCategories[ D:\web\smallProject\Zerg\application\api\controller\v1\Category.php ]
[ info ] [ LOG ] INIT file

---------------------------------------------------------------
[ 2018-05-09T15:30:31+08:00 ] 127.0.0.7 127.0.0.1 GET /api/v1/category/all
[ log ] z.cn/api/v1/category/all [运行时间：0.442000s][吞吐率：2.26req/s] [内存消耗：1,846.22kb] [文件加载：48]
[ info ] [ BEHAVIOR ] Run app\api\behavior\CORS @app_init [ RunTime:0.000000s ]
[ info ] [ LANG ] D:\web\smallProject\Zerg\thinkphp\lang\zh-cn.php
[ info ] [ ROUTE ] array (
  'type' => 'module',
  'module' => 
  array (
    0 => 'api',
    1 => 'v1.Category',
    2 => 'getCategories',
  ),
  'convert' => false,
)
[ info ] [ HEADER ] array (
  'cache-control' => 'no-cache',
  'postman-token' => '65372de8-c4bb-4005-bb04-fd955568b5ca',
  'user-agent' => 'PostmanRuntime/7.1.1',
  'accept' => '*/*',
  'host' => 'z.cn',
  'accept-encoding' => 'gzip, deflate',
  'connection' => 'keep-alive',
)
[ info ] [ PARAM ] array (
  'version' => 'v1',
  'id' => 'all',
)
[ info ] [ RUN ] app\api\controller\v1\Category->getCategories[ D:\web\smallProject\Zerg\application\api\controller\v1\Category.php ]
[ info ] [ LOG ] INIT file

---------------------------------------------------------------
[ 2018-05-09T15:30:54+08:00 ] 127.0.0.7 127.0.0.1 GET /api/v1/category/all
[ log ] z.cn/api/v1/category/all [运行时间：0.291000s][吞吐率：3.44req/s] [内存消耗：2,904.06kb] [文件加载：56]

---------------------------------------------------------------
[ 2018-05-09T15:36:01+08:00 ] 127.0.0.7 127.0.0.1 GET /api/v1/category/all
[ log ] z.cn/api/v1/category/all [运行时间：0.291000s][吞吐率：3.44req/s] [内存消耗：2,905.73kb] [文件加载：56]

---------------------------------------------------------------
[ 2018-05-09T15:36:07+08:00 ] 127.0.0.7 127.0.0.1 GET /api/v1/category
[ log ] z.cn/api/v1/category [运行时间：0.441000s][吞吐率：2.27req/s] [内存消耗：1,593.84kb] [文件加载：42]
[ info ] [ BEHAVIOR ] Run app\api\behavior\CORS @app_init [ RunTime:0.001000s ]
[ info ] [ LANG ] D:\web\smallProject\Zerg\thinkphp\lang\zh-cn.php
[ info ] [ ROUTE ] array (
  'type' => 'module',
  'module' => 
  array (
    0 => 'api',
    1 => 'v1.Category',
    2 => 'getCategories',
  ),
  'convert' => false,
)
[ info ] [ HEADER ] array (
  'cache-control' => 'no-cache',
  'postman-token' => 'db760dd1-a1f7-47dd-8e5e-359f6c0a34f8',
  'user-agent' => 'PostmanRuntime/7.1.1',
  'accept' => '*/*',
  'host' => 'z.cn',
  'accept-encoding' => 'gzip, deflate',
  'connection' => 'keep-alive',
)
[ info ] [ PARAM ] array (
  'version' => 'v1',
)
[ info ] [ LOG ] INIT file

---------------------------------------------------------------
[ 2018-05-09T15:36:40+08:00 ] 127.0.0.7 127.0.0.1 GET /api/v1/category?id=1
[ log ] z.cn/api/v1/category?id=1 [运行时间：0.482000s][吞吐率：2.07req/s] [内存消耗：3,108.60kb] [文件加载：61]
[ info ] [ BEHAVIOR ] Run app\api\behavior\CORS @app_init [ RunTime:0.000000s ]
[ info ] [ LANG ] D:\web\smallProject\Zerg\thinkphp\lang\zh-cn.php
[ info ] [ ROUTE ] array (
  'type' => 'module',
  'module' => 
  array (
    0 => 'api',
    1 => 'v1.Category',
    2 => 'getCategories',
  ),
  'convert' => false,
)
[ info ] [ HEADER ] array (
  'cache-control' => 'no-cache',
  'postman-token' => '8f728bf2-76f5-4474-a0b8-a17d5b3a564d',
  'user-agent' => 'PostmanRuntime/7.1.1',
  'accept' => '*/*',
  'host' => 'z.cn',
  'accept-encoding' => 'gzip, deflate',
  'connection' => 'keep-alive',
)
[ info ] [ PARAM ] array (
  'id' => '1',
  'version' => 'v1',
)
[ info ] [ RUN ] app\api\controller\v1\Category->getCategories[ D:\web\smallProject\Zerg\application\api\controller\v1\Category.php ]
[ info ] [ DB ] INIT mysql
[ info ] [ LOG ] INIT file

---------------------------------------------------------------
[ 2018-05-09T15:36:47+08:00 ] 127.0.0.7 127.0.0.1 GET /api/v1/category?id=2
[ log ] z.cn/api/v1/category?id=2 [运行时间：0.327000s][吞吐率：3.06req/s] [内存消耗：3,143.66kb] [文件加载：59]

---------------------------------------------------------------
[ 2018-05-09T15:47:24+08:00 ] 127.0.0.7 127.0.0.1 GET /api/v1/category/all
[ log ] z.cn/api/v1/category/all [运行时间：0.298000s][吞吐率：3.36req/s] [内存消耗：2,905.73kb] [文件加载：56]

---------------------------------------------------------------
[ 2018-05-09T15:53:16+08:00 ] 127.0.0.7 127.0.0.1 GET /api/v1/product/by_category/paginate
[ log ] z.cn/api/v1/product/by_category/paginate [运行时间：0.443000s][吞吐率：2.26req/s] [内存消耗：1,849.35kb] [文件加载：47]
[ info ] [ BEHAVIOR ] Run app\api\behavior\CORS @app_init [ RunTime:0.001000s ]
[ info ] [ LANG ] D:\web\smallProject\Zerg\thinkphp\lang\zh-cn.php
[ info ] [ ROUTE ] array (
  'type' => 'module',
  'module' => 
  array (
    0 => 'api',
    1 => 'v1.Product',
    2 => 'getByCategory',
  ),
  'convert' => false,
)
[ info ] [ HEADER ] array (
  'cache-control' => 'no-cache',
  'postman-token' => '8b897477-a6cd-4a93-aefd-06dca8a326da',
  'user-agent' => 'PostmanRuntime/7.1.1',
  'accept' => '*/*',
  'host' => 'z.cn',
  'accept-encoding' => 'gzip, deflate',
  'connection' => 'keep-alive',
)
[ info ] [ PARAM ] array (
  'version' => 'v1',
)
[ info ] [ RUN ] app\api\controller\v1\Product->getByCategory[ D:\web\smallProject\Zerg\application\api\controller\v1\Product.php ]
[ info ] [ LOG ] INIT file

---------------------------------------------------------------
[ 2018-05-09T15:53:29+08:00 ] 127.0.0.7 127.0.0.1 GET /api/v1/product/by_category/paginate?id=10
[ log ] z.cn/api/v1/product/by_category/paginate?id=10 [运行时间：0.278000s][吞吐率：3.60req/s] [内存消耗：3,116.02kb] [文件加载：57]

---------------------------------------------------------------
[ 2018-05-09T15:53:34+08:00 ] 127.0.0.7 127.0.0.1 GET /api/v1/product/by_category/paginate?id=1
[ log ] z.cn/api/v1/product/by_category/paginate?id=1 [运行时间：0.275000s][吞吐率：3.64req/s] [内存消耗：3,116.02kb] [文件加载：57]

---------------------------------------------------------------
[ 2018-05-09T15:54:36+08:00 ] 127.0.0.7 127.0.0.1 GET /api/v1/product/by_category/paginate?id=2
[ log ] z.cn/api/v1/product/by_category/paginate?id=2 [运行时间：0.280000s][吞吐率：3.57req/s] [内存消耗：3,120.55kb] [文件加载：57]

---------------------------------------------------------------
[ 2018-05-09T15:55:36+08:00 ] 127.0.0.7 127.0.0.1 GET /api/v1/product/by_category/paginate?id=2&page=2
[ log ] z.cn/api/v1/product/by_category/paginate?id=2&page=2 [运行时间：0.278000s][吞吐率：3.60req/s] [内存消耗：3,116.17kb] [文件加载：57]

---------------------------------------------------------------
[ 2018-05-09T15:55:50+08:00 ] 127.0.0.7 127.0.0.1 GET /api/v1/product/by_category/paginate?id=2&page=2&$size=3
[ log ] z.cn/api/v1/product/by_category/paginate?id=2&page=2&$size=3 [运行时间：0.278000s][吞吐率：3.60req/s] [内存消耗：3,116.27kb] [文件加载：57]

---------------------------------------------------------------
[ 2018-05-09T15:55:54+08:00 ] 127.0.0.7 127.0.0.1 GET /api/v1/product/by_category/paginate?id=2&page=2&size=3
[ log ] z.cn/api/v1/product/by_category/paginate?id=2&page=2&size=3 [运行时间：0.277000s][吞吐率：3.61req/s] [内存消耗：3,118.85kb] [文件加载：57]

---------------------------------------------------------------
[ 2018-05-09T16:01:48+08:00 ] 127.0.0.7 127.0.0.1 GET /api/v1/product/by_category?id=2
[ log ] z.cn/api/v1/product/by_category?id=2 [运行时间：0.279000s][吞吐率：3.58req/s] [内存消耗：3,026.01kb] [文件加载：54]

---------------------------------------------------------------
[ 2018-05-09T16:31:30+08:00 ] 127.0.0.7 127.0.0.1 POST /api/v1/token/verify
[ log ] z.cn/api/v1/token/verify [运行时间：0.238000s][吞吐率：4.20req/s] [内存消耗：1,345.93kb] [文件加载：37]

---------------------------------------------------------------
[ 2018-05-09T16:31:31+08:00 ] 127.0.0.7 127.0.0.1 GET /api/v1/banner/1
[ log ] z.cn/api/v1/banner/1 [运行时间：0.304000s][吞吐率：3.29req/s] [内存消耗：3,195.30kb] [文件加载：61]

---------------------------------------------------------------
[ 2018-05-09T16:31:31+08:00 ] 127.0.0.7 127.0.0.1 GET /api/v1/theme?ids=1,2,3
[ log ] z.cn/api/v1/theme?ids=1,2,3 [运行时间：0.291000s][吞吐率：3.44req/s] [内存消耗：3,138.26kb] [文件加载：58]

---------------------------------------------------------------
[ 2018-05-09T16:31:31+08:00 ] 127.0.0.7 127.0.0.1 GET /api/v1/product/recent
[ log ] z.cn/api/v1/product/recent [运行时间：0.269000s][吞吐率：3.72req/s] [内存消耗：3,029.13kb] [文件加载：54]

---------------------------------------------------------------
[ 2018-05-09T16:31:31+08:00 ] 127.0.0.7 127.0.0.1 POST /api/v1/token/user
[ log ] z.cn/api/v1/token/user [运行时间：0.430000s][吞吐率：2.33req/s] [内存消耗：2,758.94kb] [文件加载：52]

---------------------------------------------------------------
[ 2018-05-09T16:34:53+08:00 ] 127.0.0.7 127.0.0.1 GET /api/v1/category/all
[ log ] z.cn/api/v1/category/all [运行时间：0.284000s][吞吐率：3.52req/s] [内存消耗：2,906.62kb] [文件加载：56]

---------------------------------------------------------------
[ 2018-05-09T16:34:54+08:00 ] 127.0.0.7 127.0.0.1 GET /api/v1/product/by_category?id=2
[ log ] z.cn/api/v1/product/by_category?id=2 [运行时间：0.264000s][吞吐率：3.79req/s] [内存消耗：3,026.82kb] [文件加载：54]

---------------------------------------------------------------
[ 2018-05-09T16:34:55+08:00 ] 127.0.0.7 127.0.0.1 GET /api/v1/product/by_category?id=3
[ log ] z.cn/api/v1/product/by_category?id=3 [运行时间：0.257000s][吞吐率：3.89req/s] [内存消耗：3,025.25kb] [文件加载：54]

---------------------------------------------------------------
[ 2018-05-09T16:34:57+08:00 ] 127.0.0.7 127.0.0.1 GET /api/v1/product/by_category?id=4
[ log ] z.cn/api/v1/product/by_category?id=4 [运行时间：0.256000s][吞吐率：3.91req/s] [内存消耗：3,025.28kb] [文件加载：54]

---------------------------------------------------------------
[ 2018-05-09T16:35:00+08:00 ] 127.0.0.7 127.0.0.1 GET /api/v1/product/by_category?id=5
[ log ] z.cn/api/v1/product/by_category?id=5 [运行时间：0.259000s][吞吐率：3.86req/s] [内存消耗：3,024.81kb] [文件加载：54]

---------------------------------------------------------------
[ 2018-05-09T16:35:05+08:00 ] 127.0.0.7 127.0.0.1 GET /api/v1/product/2
[ log ] z.cn/api/v1/product/2 [运行时间：0.278000s][吞吐率：3.60req/s] [内存消耗：3,239.57kb] [文件加载：61]

---------------------------------------------------------------
[ 2018-05-09T16:35:14+08:00 ] 127.0.0.7 127.0.0.1 GET /api/v1/product/18
[ log ] z.cn/api/v1/product/18 [运行时间：0.287000s][吞吐率：3.48req/s] [内存消耗：3,238.26kb] [文件加载：61]

---------------------------------------------------------------
[ 2018-05-09T17:32:49+08:00 ] 127.0.0.7 127.0.0.1 GET /api/v1/theme/1
[ log ] z.cn/api/v1/theme/1 [运行时间：0.334000s][吞吐率：2.99req/s] [内存消耗：3,260.44kb] [文件加载：61]

---------------------------------------------------------------
[ 2018-05-09T17:32:51+08:00 ] 127.0.0.7 127.0.0.1 GET /api/v1/product/2
[ log ] z.cn/api/v1/product/2 [运行时间：0.317000s][吞吐率：3.15req/s] [内存消耗：3,239.57kb] [文件加载：61]

---------------------------------------------------------------
