[ 2018-05-14T15:21:15+08:00 ] [ error ] [404][D:\web\smallProject\Zerg\application\api\controller\v1\Address.php:41]

---------------------------------------------------------------
[ 2018-05-14T15:37:35+08:00 ] [ error ] [404][D:\web\smallProject\Zerg\application\api\controller\v1\Address.php:41]

---------------------------------------------------------------
[ 2018-05-14T16:01:45+08:00 ] [ error ] [400][D:\web\smallProject\Zerg\application\api\validate\BaseValidate.php:40]

---------------------------------------------------------------
[ 2018-05-14T16:02:05+08:00 ] [ error ] [404][D:\web\smallProject\Zerg\application\api\controller\v1\Address.php:41]

---------------------------------------------------------------
[ 2018-05-14T16:02:08+08:00 ] [ error ] [400][D:\web\smallProject\Zerg\application\api\validate\BaseValidate.php:40]

---------------------------------------------------------------
[ 2018-05-14T16:02:22+08:00 ] [ error ] [404][D:\web\smallProject\Zerg\application\api\controller\v1\Address.php:41]

---------------------------------------------------------------
[ 2018-05-14T16:02:26+08:00 ] [ error ] [400][D:\web\smallProject\Zerg\application\api\validate\BaseValidate.php:40]

---------------------------------------------------------------
[ 2018-05-14T16:02:28+08:00 ] [ error ] [404][D:\web\smallProject\Zerg\application\api\service\Order.php:186]

---------------------------------------------------------------
[ 2018-05-14T16:02:31+08:00 ] [ error ] [404][D:\web\smallProject\Zerg\application\api\service\Order.php:186]

---------------------------------------------------------------
[ 2018-05-14T16:11:54+08:00 ] [ error ] [404][D:\web\smallProject\Zerg\application\api\controller\v1\Address.php:41]

---------------------------------------------------------------
[ 2018-05-14T16:11:57+08:00 ] [ error ] [400][D:\web\smallProject\Zerg\application\api\validate\BaseValidate.php:40]

---------------------------------------------------------------
[ 2018-05-14T16:15:03+08:00 ] [ error ] [404][D:\web\smallProject\Zerg\application\api\controller\v1\Address.php:41]

---------------------------------------------------------------
[ 2018-05-14T16:15:38+08:00 ] [ error ] [400][D:\web\smallProject\Zerg\application\api\validate\BaseValidate.php:40]

---------------------------------------------------------------
[ 2018-05-14T16:16:23+08:00 ] [ error ] [400][D:\web\smallProject\Zerg\application\api\validate\BaseValidate.php:40]

---------------------------------------------------------------
[ 2018-05-14T16:18:59+08:00 ] [ error ] [401][D:\web\smallProject\Zerg\application\api\service\Token.php:89]

---------------------------------------------------------------
[ 2018-05-14T17:05:02+08:00 ] [ error ] [401][D:\web\smallProject\Zerg\application\api\service\Token.php:89]

---------------------------------------------------------------
[ 2018-05-14T17:05:04+08:00 ] [ error ] [400][D:\web\smallProject\Zerg\application\api\validate\BaseValidate.php:40]

---------------------------------------------------------------
[ 2018-05-14T17:06:18+08:00 ] [ error ] [401][D:\web\smallProject\Zerg\application\api\service\Token.php:89]

---------------------------------------------------------------
[ 2018-05-14T17:06:20+08:00 ] [ error ] [400][D:\web\smallProject\Zerg\application\api\validate\BaseValidate.php:40]

---------------------------------------------------------------
[ 2018-05-14T17:20:10+08:00 ] [ error ] [401][D:\web\smallProject\Zerg\application\api\service\Token.php:89]

---------------------------------------------------------------
[ 2018-05-14T17:21:27+08:00 ] [ error ] [401][D:\web\smallProject\Zerg\application\api\service\Token.php:89]

---------------------------------------------------------------
[ 2018-05-14T17:21:38+08:00 ] [ error ] [401][D:\web\smallProject\Zerg\application\api\service\Token.php:89]

---------------------------------------------------------------
