[ 2018-05-17T09:54:33+08:00 ] [ error ] [401][D:\web\smallProject\Zerg\application\api\service\Token.php:89]

---------------------------------------------------------------
[ 2018-05-17T10:00:34+08:00 ] [ error ] [0]方法参数错误:data[D:\web\smallProject\Zerg\thinkphp\library\think\App.php:294]

---------------------------------------------------------------
[ 2018-05-17T10:04:31+08:00 ] [ error ] [401][D:\web\smallProject\Zerg\application\api\service\Token.php:89]

---------------------------------------------------------------
[ 2018-05-17T10:06:59+08:00 ] [ error ] [8]未定义变量: data[D:\web\smallProject\Zerg\application\api\controller\v1\Product.php:145]

---------------------------------------------------------------
[ 2018-05-17T10:07:13+08:00 ] [ error ] [8]未定义变量: data[D:\web\smallProject\Zerg\application\api\controller\v1\Product.php:145]

---------------------------------------------------------------
[ 2018-05-17T10:10:40+08:00 ] [ error ] [8]未定义变量: data[D:\web\smallProject\Zerg\application\api\controller\v1\Product.php:145]

---------------------------------------------------------------
[ 2018-05-17T10:11:02+08:00 ] [ error ] [8]未定义变量: data[D:\web\smallProject\Zerg\application\api\controller\v1\Product.php:145]

---------------------------------------------------------------
[ 2018-05-17T10:21:08+08:00 ] [ error ] [8]未定义变量: data[D:\web\smallProject\Zerg\application\api\controller\v1\Product.php:145]

---------------------------------------------------------------
[ 2018-05-17T10:29:28+08:00 ] [ error ] [8]未定义变量: data[D:\web\smallProject\Zerg\application\api\controller\v1\Product.php:145]

---------------------------------------------------------------
[ 2018-05-17T11:37:58+08:00 ] [ error ] [401][D:\web\smallProject\Zerg\application\api\service\Token.php:89]

---------------------------------------------------------------
[ 2018-05-17T11:41:48+08:00 ] [ error ] [401][D:\web\smallProject\Zerg\application\api\service\Token.php:89]

---------------------------------------------------------------
[ 2018-05-17T11:42:58+08:00 ] [ error ] [401][D:\web\smallProject\Zerg\application\api\service\Token.php:89]

---------------------------------------------------------------
[ 2018-05-17T12:15:27+08:00 ] [ error ] [401][D:\web\smallProject\Zerg\application\api\service\Token.php:89]

---------------------------------------------------------------
[ 2018-05-17T12:17:13+08:00 ] [ error ] [401][D:\web\smallProject\Zerg\application\api\service\Token.php:89]

---------------------------------------------------------------
[ 2018-05-17T12:17:47+08:00 ] [ error ] [401][D:\web\smallProject\Zerg\application\api\service\Token.php:89]

---------------------------------------------------------------
[ 2018-05-17T12:26:35+08:00 ] [ error ] [401][D:\web\smallProject\Zerg\application\api\service\Token.php:89]

---------------------------------------------------------------
[ 2018-05-17T14:14:59+08:00 ] [ error ] [401][D:\web\smallProject\Zerg\application\api\service\Token.php:89]

---------------------------------------------------------------
[ 2018-05-17T14:15:58+08:00 ] [ error ] [401][D:\web\smallProject\Zerg\application\api\service\Token.php:89]

---------------------------------------------------------------
[ 2018-05-17T14:16:21+08:00 ] [ error ] [401][D:\web\smallProject\Zerg\application\api\service\Token.php:89]

---------------------------------------------------------------
[ 2018-05-17T14:16:43+08:00 ] [ error ] [401][D:\web\smallProject\Zerg\application\api\service\Token.php:89]

---------------------------------------------------------------
[ 2018-05-17T14:17:27+08:00 ] [ error ] [401][D:\web\smallProject\Zerg\application\api\service\Token.php:89]

---------------------------------------------------------------
[ 2018-05-17T14:17:33+08:00 ] [ error ] [401][D:\web\smallProject\Zerg\application\api\service\Token.php:89]

---------------------------------------------------------------
[ 2018-05-17T14:17:56+08:00 ] [ error ] [401][D:\web\smallProject\Zerg\application\api\service\Token.php:89]

---------------------------------------------------------------
[ 2018-05-17T14:18:52+08:00 ] [ error ] [401][D:\web\smallProject\Zerg\application\api\service\Token.php:89]

---------------------------------------------------------------
[ 2018-05-17T14:49:51+08:00 ] [ error ] [0]数据表字段不存在:[data][D:\web\smallProject\Zerg\thinkphp\library\think\db\Builder.php:103]

---------------------------------------------------------------
[ 2018-05-17T14:51:15+08:00 ] [ error ] [0]数据表字段不存在:[data][D:\web\smallProject\Zerg\thinkphp\library\think\db\Builder.php:103]

---------------------------------------------------------------
[ 2018-05-17T14:53:31+08:00 ] [ error ] [0]方法参数错误:data[D:\web\smallProject\Zerg\thinkphp\library\think\App.php:294]

---------------------------------------------------------------
[ 2018-05-17T14:58:12+08:00 ] [ error ] [0]数据表字段不存在:[data][D:\web\smallProject\Zerg\thinkphp\library\think\db\Builder.php:103]

---------------------------------------------------------------
[ 2018-05-17T14:59:45+08:00 ] [ error ] [0]数据表字段不存在:[data][D:\web\smallProject\Zerg\thinkphp\library\think\db\Builder.php:103]

---------------------------------------------------------------
[ 2018-05-17T15:00:02+08:00 ] [ error ] [0]数据表字段不存在:[data][D:\web\smallProject\Zerg\thinkphp\library\think\db\Builder.php:103]

---------------------------------------------------------------
[ 2018-05-17T15:01:47+08:00 ] [ error ] [0]数据表字段不存在:[data][D:\web\smallProject\Zerg\thinkphp\library\think\db\Builder.php:103]

---------------------------------------------------------------
[ 2018-05-17T15:02:17+08:00 ] [ error ] [0]数据表字段不存在:[data][D:\web\smallProject\Zerg\thinkphp\library\think\db\Builder.php:103]

---------------------------------------------------------------
[ 2018-05-17T15:03:41+08:00 ] [ error ] [0]数据表字段不存在:[data][D:\web\smallProject\Zerg\thinkphp\library\think\db\Builder.php:103]

---------------------------------------------------------------
[ 2018-05-17T15:08:23+08:00 ] [ error ] [0]数据表字段不存在:[data][D:\web\smallProject\Zerg\thinkphp\library\think\db\Builder.php:103]

---------------------------------------------------------------
[ 2018-05-17T15:08:36+08:00 ] [ error ] [0]数据表字段不存在:[data][D:\web\smallProject\Zerg\thinkphp\library\think\db\Builder.php:103]

---------------------------------------------------------------
[ 2018-05-17T15:09:14+08:00 ] [ error ] [0]数据表字段不存在:[data][D:\web\smallProject\Zerg\thinkphp\library\think\db\Builder.php:103]

---------------------------------------------------------------
[ 2018-05-17T15:09:25+08:00 ] [ error ] [0]数据表字段不存在:[data][D:\web\smallProject\Zerg\thinkphp\library\think\db\Builder.php:103]

---------------------------------------------------------------
[ 2018-05-17T15:11:13+08:00 ] [ error ] [0]数据表字段不存在:[data][D:\web\smallProject\Zerg\thinkphp\library\think\db\Builder.php:103]

---------------------------------------------------------------
[ 2018-05-17T15:23:29+08:00 ] [ error ] [401][D:\web\smallProject\Zerg\application\api\service\Token.php:89]

---------------------------------------------------------------
[ 2018-05-17T15:23:57+08:00 ] [ error ] [401][D:\web\smallProject\Zerg\application\api\service\Token.php:89]

---------------------------------------------------------------
[ 2018-05-17T15:23:59+08:00 ] [ error ] [401][D:\web\smallProject\Zerg\application\api\service\Token.php:89]

---------------------------------------------------------------
[ 2018-05-17T16:43:34+08:00 ] [ error ] [1]Call to a member function move() on null[D:\web\smallProject\Zerg\application\api\controller\v1\Image.php:14]

---------------------------------------------------------------
[ 2018-05-17T16:45:38+08:00 ] [ error ] [1]Call to a member function move() on null[D:\web\smallProject\Zerg\application\api\controller\v1\Image.php:14]

---------------------------------------------------------------
[ 2018-05-17T16:51:59+08:00 ] [ error ] [1]Call to a member function move() on null[D:\web\smallProject\Zerg\application\api\controller\v1\Image.php:14]

---------------------------------------------------------------
[ 2018-05-17T16:53:12+08:00 ] [ error ] [1]Call to a member function move() on null[D:\web\smallProject\Zerg\application\api\controller\v1\Image.php:14]

---------------------------------------------------------------
[ 2018-05-17T16:57:23+08:00 ] [ error ] [8]Use of undefined constant info - assumed 'info'[D:\web\smallProject\Zerg\application\api\controller\v1\Image.php:14]

---------------------------------------------------------------
[ 2018-05-17T16:57:42+08:00 ] [ error ] [1]Cannot use object of type think\File as array[D:\web\smallProject\Zerg\application\api\controller\v1\Image.php:14]

---------------------------------------------------------------
[ 2018-05-17T16:58:16+08:00 ] [ error ] [1]Cannot use object of type think\File as array[D:\web\smallProject\Zerg\application\api\controller\v1\Image.php:14]

---------------------------------------------------------------
[ 2018-05-17T16:58:36+08:00 ] [ error ] [1]Cannot use object of type think\File as array[D:\web\smallProject\Zerg\application\api\controller\v1\Image.php:14]

---------------------------------------------------------------
[ 2018-05-17T16:59:10+08:00 ] [ error ] [1]Cannot use object of type think\File as array[D:\web\smallProject\Zerg\application\api\controller\v1\Image.php:14]

---------------------------------------------------------------
[ 2018-05-17T17:00:03+08:00 ] [ error ] [1]Cannot use object of type think\File as array[D:\web\smallProject\Zerg\application\api\controller\v1\Image.php:14]

---------------------------------------------------------------
[ 2018-05-17T17:00:21+08:00 ] [ error ] [1]Cannot use object of type think\File as array[D:\web\smallProject\Zerg\application\api\controller\v1\Image.php:14]

---------------------------------------------------------------
[ 2018-05-17T17:00:31+08:00 ] [ error ] [1]Cannot use object of type think\File as array[D:\web\smallProject\Zerg\application\api\controller\v1\Image.php:14]

---------------------------------------------------------------
[ 2018-05-17T17:00:50+08:00 ] [ error ] [1]Cannot use object of type think\File as array[D:\web\smallProject\Zerg\application\api\controller\v1\Image.php:14]

---------------------------------------------------------------
[ 2018-05-17T17:01:49+08:00 ] [ error ] [8]Use of undefined constant upload - assumed 'upload'[xdebug://debug-eval(1) : eval()'d code:1]
[ error ] [1]Cannot use object of type think\File as array[D:\web\smallProject\Zerg\application\api\controller\v1\Image.php:14]

---------------------------------------------------------------
[ 2018-05-17T17:01:49+08:00 ] [ error ] [1]Cannot use object of type think\File as array[D:\web\smallProject\Zerg\application\api\controller\v1\Image.php:14]

---------------------------------------------------------------
[ 2018-05-17T17:06:14+08:00 ] [ error ] [1]Call to a member function move() on null[D:\web\smallProject\Zerg\application\api\controller\v1\Image.php:14]

---------------------------------------------------------------
[ 2018-05-17T17:06:30+08:00 ] [ error ] [2]move_uploaded_file(upload\动漫女.jpeg): failed to open stream: Invalid argument[D:\web\smallProject\Zerg\thinkphp\library\think\File.php:323]

---------------------------------------------------------------
[ 2018-05-17T17:56:54+08:00 ] [ error ] [2]move_uploaded_file(upload\溏心桂花糕.jpg): failed to open stream: Invalid argument[D:\web\smallProject\Zerg\thinkphp\library\think\File.php:323]

---------------------------------------------------------------
[ 2018-05-17T17:57:24+08:00 ] [ error ] [2]move_uploaded_file(upload\溏心桂花糕.jpg): failed to open stream: Invalid argument[D:\web\smallProject\Zerg\thinkphp\library\think\File.php:323]

---------------------------------------------------------------
[ 2018-05-17T17:58:03+08:00 ] [ error ] [2]move_uploaded_file(upload\溏心桂花糕.jpg): failed to open stream: Invalid argument[D:\web\smallProject\Zerg\thinkphp\library\think\File.php:323]

---------------------------------------------------------------
[ 2018-05-17T17:58:41+08:00 ] [ error ] [2]move_uploaded_file(upload\溏心桂花糕.jpg): failed to open stream: Invalid argument[D:\web\smallProject\Zerg\thinkphp\library\think\File.php:323]

---------------------------------------------------------------
[ 2018-05-17T18:00:38+08:00 ] [ error ] [2]move_uploaded_file(upload\溏心桂花糕.jpg): failed to open stream: Invalid argument[D:\web\smallProject\Zerg\thinkphp\library\think\File.php:323]

---------------------------------------------------------------
[ 2018-05-17T18:00:50+08:00 ] [ error ] [2]move_uploaded_file(upload\溏心桂花糕.jpg): failed to open stream: Invalid argument[D:\web\smallProject\Zerg\thinkphp\library\think\File.php:323]

---------------------------------------------------------------
[ 2018-05-17T18:02:29+08:00 ] [ error ] [2]move_uploaded_file(upload\溏心桂花糕.jpg): failed to open stream: Invalid argument[D:\web\smallProject\Zerg\thinkphp\library\think\File.php:323]

---------------------------------------------------------------
[ 2018-05-17T18:03:34+08:00 ] [ error ] [2]move_uploaded_file(upload\溏心桂花糕.jpg): failed to open stream: Invalid argument[D:\web\smallProject\Zerg\thinkphp\library\think\File.php:323]

---------------------------------------------------------------
[ 2018-05-17T18:03:58+08:00 ] [ error ] [2]move_uploaded_file(upload\溏心桂花糕.jpg): failed to open stream: Invalid argument[D:\web\smallProject\Zerg\thinkphp\library\think\File.php:323]

---------------------------------------------------------------
