[ 2018-05-21T09:39:27+08:00 ] [ error ] [0]method not exist:think\db\Query->save[D:\web\smallProject\Zerg\thinkphp\library\think\db\Query.php:93]

---------------------------------------------------------------
[ 2018-05-21T09:40:42+08:00 ] [ error ] [0]method not exist:think\db\Query->save[D:\web\smallProject\Zerg\thinkphp\library\think\db\Query.php:93]

---------------------------------------------------------------
[ 2018-05-21T09:41:09+08:00 ] [ error ] [0]method not exist:think\db\Query->save[D:\web\smallProject\Zerg\thinkphp\library\think\db\Query.php:93]

---------------------------------------------------------------
[ 2018-05-21T09:46:29+08:00 ] [ error ] [0]数据表字段不存在:[file][D:\web\smallProject\Zerg\thinkphp\library\think\db\Builder.php:103]

---------------------------------------------------------------
[ 2018-05-21T10:00:53+08:00 ] [ error ] [999][D:\web\smallProject\Zerg\application\api\controller\v1\Product.php:147]

---------------------------------------------------------------
[ 2018-05-21T10:05:11+08:00 ] [ error ] [8]未定义数组索引: imgName[D:\web\smallProject\Zerg\application\api\controller\v1\Product.php:143]

---------------------------------------------------------------
[ 2018-05-21T10:05:50+08:00 ] [ error ] [999][D:\web\smallProject\Zerg\application\api\controller\v1\Product.php:147]

---------------------------------------------------------------
[ 2018-05-21T10:06:06+08:00 ] [ error ] [999][D:\web\smallProject\Zerg\application\api\controller\v1\Product.php:147]

---------------------------------------------------------------
[ 2018-05-21T10:06:28+08:00 ] [ error ] [999][D:\web\smallProject\Zerg\application\api\controller\v1\Product.php:147]

---------------------------------------------------------------
[ 2018-05-21T10:06:41+08:00 ] [ error ] [999][D:\web\smallProject\Zerg\application\api\controller\v1\Product.php:147]

---------------------------------------------------------------
